0.000172648
4.73518e-06
0.000222325
1.77478e-05
0.000237948
0.000101771
0.00049822
0.000236142
6.21308e-07
0.000548836
0.000132661
0.000138309
0.000241154
0.00218391
0.000324179
0.000277418
0.000473634
0.00036632
0.000280193
0.000399098
0.000372189
0.000165358
0.000104182
0.000331897
0.000223363
0.000356483
0.000180589
7.9316e-08
0.000357787
0.000161738
0.000271113
0.000424084
4.85397e-07
2.21693e-07
0.000178181
0.000127099
0.000189597
0.000308444
0.000348337
0.00033655
0.000372354
0.000270376
8.88048e-05
6.30025e-05
0.000226021
0.000164178
0.000170075
0
0.000269166
5.12066e-07
9.25737e-07
3.05512e-05
5.82592e-06
0.000216843
0.000807584
1.62133e-06
0.000119941
0.000369994
0.000267697
0.000263549
0
0.000270384
1.089e-06
0.000267038
0.000310331
7.96538e-05
0.000349444
0.000231065
2.69911e-07
0.000221671
0.00045801
0.000241105
0.000142758
0.000372294
1.08128e-05
3.95807e-07
5.43931e-05
0.000111778
0.000214351
3.70061e-05
5.48968e-05
5.26643e-07
8.67662e-05
2.20439e-06
0.000198604
0.000139038
0.000279716
0.000191376
0.000211661
3.79197e-05
0
0.000275339
0.000259757
0.000288352
0.000102543
0.000460411
4.34217e-05
9.34453e-07
7.19374e-05
0.000335146
0.000217489
0.000105335
8.16336e-06
5.62297e-06
0.000144994
0.000162336
1.46815e-06
0.000314488
9.05367e-05
0.000487364
0.000327473
2.65163e-07
2.89204e-05
3.09653e-05
0.000258118
0.000259022
0.000281621
2.46099e-05
6.66678e-05
6.23398e-06
0.000121807
0.000128933
0.000140288
0.000245411
0.000425662
0.00022722
0.000332052
0.000164588
0.000394181
0.000326923
0.000342639
0.00030449
0.000374267
0.000169916
1.01011e-06
0.000307238
6.14784e-05
2.82789e-05
0.000135875
0.000506522
0.000157704
0.000217702
0.000127345
0.000277329
0.000749716
9.14978e-07
5.77337e-05
0.000205776
0.00028487
2.10987e-05
0.000423251
7.03897e-05
0.000288379
4.83267e-06
2.7233e-05
8.04945e-05
4.64308e-05
6.41452e-05
2.8441e-06
2.50356e-06
0.000187169
0.000331926
0.000620118
1.93214e-05
0.000367277
0.000547749
0.000174218
0.000120597
0.000103621
7.80113e-05
0.000436324
0.000392566
0.000116983
0.000183382
5.32811e-05
0.000179793
0.000101151
0.000130243
0.000365813
0.000277286
1.0769e-05
0.000152208
1.20594e-06
8.38634e-06
0.000197041
8.86326e-05
2.32492e-06
0.000420069
0.000505309
0.00040603
6.81219e-06
0.000322909
0.000233691
1.26252e-07
5.13165e-05
0.000308012
2.20852e-05
0.000426538
0.000396686
0.000554879
2.53351e-05
0.000209749
7.49511e-05
1.04216e-05
0.000507106
4.37262e-05
1.49749e-06
0.000180455
6.23373e-05
0.000122474
3.47729e-05
0.000257058
0.000357086
0.000337271
0.000431367
0.000162885
0.000453282
0.000254565
0.000473795
0.000269973
5.06864e-07
0.000149787
0.000195072
0.000566218
3.06592e-05
4.90379e-05
6.17968e-05
0.000215075
3.60566e-05
0.000202501
0.000276826
0.000246217
9.33834e-08
0.000146085
2.63549e-05
0.000123786
0.000153826
0.000168045
0.000236499
1.50229e-06
2.44392e-05
0.000108769
0.000410062
0.000446373
0.000516859
0.000137709
0.000200337
2.85722e-05
0.000900062
4.65852e-05
0.00022487
5.82025e-05
6.0585e-06
7.82956e-05
0.000672486
0.000349544
0.000178796
8.00216e-05
0.000996015
0.000180428
0.000377813
0.00026234
8.74587e-05
0.00030188
0.000349199
0.000174901
0.000210206
0.000171194
1.64623e-05
0.000310183
0.000250284
4.73043e-05
7.67285e-05
5.612e-05
0.000196724
0.000194759
0.000400582
1.70332e-05
0.000116196
0.000113904
0.000231966
0.000295999
0.000315136
0.000256398
0.000323878
0.00034026
1.81172e-05
0.000410683
8.06178e-06
0.000203503
7.76461e-05
0.000455782
0.000339116
0.000301084
0.000283145
0.000427377
0.00076889
0.000258898
0.000318776
0.000178152
0.000142653
0.000342143
8.97639e-05
0.000218845
0.000130974
0.000229509
0.000212285
0.000112436
0.000506055
0.000531745
7.39553e-05
0.00022789
0.000439522
0.00011728
0.000293958
0.000203864
4.82809e-06
0.000241303
0.00029276
0.000149651
0.000342338
0.000363999
0.000349691
0.000246372
0.000117983
0.000237886
0.00044668
0.000339095
0.000384134
0.000170633
0.000137814
5.19414e-05
2.8888e-05
9.40065e-05
4.3712e-06
0.000760516
0.000283694
0.000320877
0.00034065
0.000137978
0.000120238
3.8588e-05
5.15468e-07
0.000157533
0.000246501
0.000348052
0.00018099
8.88031e-05
1.79195e-05
0.000502212
0.000124798
0.000150365
7.30072e-05
6.61672e-06
0.00010438
0.000195438
0.000377599
9.75549e-05
0.000254719
0.000221627
0.000421357
0.000309353
0.000303403
8.90324e-05
0.000676366
0.000162986
0.000361162
1.28052e-06
2.73487e-07
0.000331464
4.69885e-05
8.70606e-07
3.73176e-05
0.000155086
0.000321951
0.00013002
1.76131e-06
0.000112201
0.000107179
0.000211073
8.78882e-05
5.70043e-06
8.23863e-05
1.28282e-05
0.00012476
4.89256e-05
0.000324214
0.000202523
0.000355421
0.000116268
0.000252268
0.000115001
0.00224727
0.000114933
0.000247784
0.000269044
0.000147248
0.00032472
2.01423e-07
0.000153725
0.000418649
0.000190373
0.000329031
9.09539e-05
0.000189883
0.00043242
0.000341029
8.6599e-06
0.000169218
1.84901e-06
0.000119178
0.000189495
0.000690925
0.000113294
0.00051601
9.25754e-05
2.51946e-05
0.000217178
0
0.000510231
0.000333221
2.07571e-05
0.000214824
8.79578e-05
0.000165728
0.000258372
4.43161e-07
0.000219834
0.000337717
0.000525175
5.81568e-05
9.22386e-05
8.6127e-06
7.17435e-05
7.43897e-06
0.000187918
0.000295622
0.000183322
2.93428e-06
0.00016422
0.000126708
4.62195e-05
0.000250431
0.000354549
0.000406094
1.78753e-05
1.94984e-07
0.000131568
0.000448939
0.000101739
1.89906e-06
0.000333824
0.000220104
0.000249916
0.00018813
8.89716e-05
0.000243125
8.41746e-05
0.000232368
0.000432484
0.000160403
3.06094e-07
0.000135226
5.40544e-05
3.91894e-05
4.47116e-05
0
0.000147001
0.000222091
0.00046938
0.000255795
0.000141655
0.000177958
0.000230143
9.89681e-05
0.000209224
0.000625805
7.02998e-05
0.00020675
0.000244262
0.000392919
0.000142083
5.16062e-05
9.46306e-05
0.000123847
0.000437113
4.79996e-06
0.00115716
5.93774e-05
0.000353832
8.62611e-05
0.000114361
9.42826e-05
0.000372453
1.32154e-06
0.000289228
8.37585e-05
2.19963e-05
0.000105788
0.00041689
1.421e-05
8.17893e-05
0.00272085
0.000228503
0.000145364
9.21005e-05
0.000228376
0.000120776
6.79322e-05
0.000188934
0.000332049
0.000173358
0.000121443
5.03811e-06
5.37606e-05
0.000345242
0.000282784
0.000253801
0.000107081
0.000486982
8.12716e-06
0.000190668
1.46828e-06
0.000273122
0.000128347
4.20061e-07
1.7993e-06
5.94616e-05
0.000144454
6.94333e-05
0.00015438
0.000173594
0.000135704
0.000167544
2.71837e-05
0.000239206
6.62617e-05
5.16876e-05
0.000334188
0.000434399
0.000431016
0.000498693
0.000308483
0.000136555
6.90989e-05
0.00021807
2.19468e-06
0.000255754
0.000443329
0.000250947
4.886e-05
4.1055e-05
0.000226716
3.02716e-05
0.000115569
0.000349891
0.000121931
0.000173968
0.000263845
6.18065e-05
0.000250069
0.000155659
0.000127902
0.000131402
9.0082e-06
5.40569e-05
8.5101e-05
0.000231261
0.000342605
0.000466966
8.26924e-05
1.70896e-05
0.000142363
0.00014344
