f(x_i)  res    Y[i]*res-1      alpha[i]
f(x_i): 1.01439e+06   1.01439e+06   0.999978
f(x_i): 605487   -605488   0.063994
f(x_i): 1.17191e+06   1.17191e+06   0.999562
f(x_i): 1.21785e+06   -1.21785e+06   0.257636
f(x_i): 2.00118e+06   2.00118e+06   0.998416
f(x_i): 777160   -777161   0.0741702
f(x_i): 1.12207e+06   1.12206e+06   0.998646
f(x_i): 755367   -755368   0.655132
f(x_i): 4.77886e+06   4.77886e+06   0.999629
f(x_i): 838039   838038   0.998191
f(x_i): 760668   -760669   0.905044
f(x_i): 1.10515e+06   1.10515e+06   0.999678
f(x_i): 948451   -948452   0.616353
f(x_i): 6.65934e+06   6.65934e+06   0.998929
f(x_i): 2.22424e+06   2.22424e+06   0.999531
f(x_i): 662909   662908   0.999592
f(x_i): 2.3073e+06   2.3073e+06   0.997181
f(x_i): 729787   729786   0.91181
f(x_i): 1.2544e+06   -1.2544e+06   0.190913
f(x_i): 1.40883e+06   1.40883e+06   0.998003
f(x_i): 2.37487e+06   -2.37487e+06   0.143525
f(x_i): 713129   -713130   0.691669
f(x_i): 1.28571e+06   1.28571e+06   0.999143
f(x_i): 818385   818384   0.999429
f(x_i): 1.93086e+06   1.93086e+06   0.998647
f(x_i): 1.59659e+06   1.59659e+06   0.998665
f(x_i): 991517   991516   0.999955
f(x_i): 1.55121e+06   -1.55121e+06   1
f(x_i): 1.69299e+06   -1.693e+06   0.00275452
f(x_i): 807466   -807467   0.0742562
f(x_i): 792636   -792637   0.441682
f(x_i): 2.6147e+06   2.6147e+06   0.99596
f(x_i): 945572   -945573   0.145886
f(x_i): 633254   -633255   0.41591
f(x_i): 849678   -849679   0.289255
f(x_i): 1.93975e+06   -1.93975e+06   0.345535
f(x_i): 924051   -924052   0.191895
f(x_i): 739681   739680   0.999355
f(x_i): 650815   650814   0.999308
f(x_i): 2.13349e+06   2.13349e+06   0.999878
f(x_i): 1.61729e+06   -1.61729e+06   0.263909
f(x_i): 905680   -905681   0.59047
f(x_i): 750332   -750333   0.149375
f(x_i): 2.71133e+06   2.71133e+06   0.99633
f(x_i): 1.04222e+06   -1.04222e+06   0.173057
f(x_i): 1.18412e+06   1.18412e+06   0.997221
f(x_i): 950729   -950730   0.237883
f(x_i): 514918   -514919   0.390857
f(x_i): 729238   729237   0.99912
f(x_i): 651601   -651602   0.999931
f(x_i): 1.2151e+06   -1.2151e+06   0.112353
f(x_i): 909812   -909813   0.922893
f(x_i): 764195   -764196   0.414263
f(x_i): 3.11363e+06   3.11363e+06   0.999651
f(x_i): 3.20641e+06   -3.20641e+06   0.577073
f(x_i): 504298   -504299   0.144136
f(x_i): 3.18451e+06   3.18451e+06   0.999941
f(x_i): 1.44242e+06   -1.44242e+06   0.855648
f(x_i): 987778   -987779   0.618441
f(x_i): 1.64301e+06   -1.64301e+06   0.302902
f(x_i): 522058   -522059   0.249741
f(x_i): 895954   895953   0.99441
f(x_i): 351312   -351313   0.0224485
f(x_i): 1.74707e+06   -1.74707e+06   1
f(x_i): 783820   783819   0.954285
f(x_i): 695472   -695473   0.0925378
f(x_i): 770059   770058   0.999358
f(x_i): 785638   -785639   0.497554
f(x_i): 885752   -885753   0.636666
f(x_i): 1.61177e+06   -1.61177e+06   0.812315
f(x_i): 1.2692e+06   1.26919e+06   0.999429
f(x_i): 1.82116e+06   -1.82117e+06   0.322063
f(x_i): 877140   877139   0.999041
f(x_i): 2.59671e+06   -2.59671e+06   0.620047
f(x_i): 569679   -569680   0.0208221
f(x_i): 78136.7   -78137.7   1
f(x_i): 478219   -478220   0.357414
f(x_i): 677922   -677923   0.998819
f(x_i): 852317   852316   0.999794
f(x_i): 753285   -753286   0.890657
f(x_i): 742129   -742130   0.263119
f(x_i): 463781   -463782   0.570876
f(x_i): 1.06061e+06   -1.06062e+06   0.359419
f(x_i): 687347   -687348   0.0073684
f(x_i): 946723   946722   0.999596
f(x_i): 1.55801e+06   -1.55801e+06   0.591699
f(x_i): 774596   -774597   0.146687
f(x_i): 1.1548e+06   -1.1548e+06   0.895362
f(x_i): 1.64316e+06   1.64316e+06   0.998685
f(x_i): 724129   -724130   0.985028
f(x_i): 538506   -538507   1
f(x_i): 1.96421e+06   -1.96421e+06   1
f(x_i): 933904   -933905   0.357947
f(x_i): 913580   913579   0.995776
f(x_i): 1.34069e+06   -1.34069e+06   0.549975
f(x_i): 2.43349e+06   -2.43349e+06   0.338073
f(x_i): 643195   -643196   0.980769
f(x_i): 979739   -979740   1
f(x_i): 1.05196e+06   -1.05196e+06   0.953103
f(x_i): 2.27581e+06   2.27581e+06   0.999759
f(x_i): 1.07181e+06   1.07181e+06   0.999776
f(x_i): 970375   -970376   0.371997
f(x_i): 823822   -823823   0.77032
f(x_i): 826542   -826543   0.372711
f(x_i): 600740   -600741   0.443172
f(x_i): 1.80821e+06   -1.80821e+06   0.0282986
f(x_i): 667852   -667853   1
f(x_i): 1.85777e+06   -1.85777e+06   0.954245
f(x_i): 709189   -709190   0.458414
f(x_i): 903561   903560   0.999083
f(x_i): 1.98329e+06   1.98329e+06   0.999338
f(x_i): 4.20857e+06   4.20857e+06   0.999526
f(x_i): 868101   -868102   0.999927
f(x_i): 538671   -538672   0.999192
f(x_i): 2.18123e+06   2.18123e+06   0.998338
f(x_i): 1.00112e+06   1.00112e+06   0.999783
f(x_i): 842374   842373   0.99857
f(x_i): 545474   -545475   0.407519
f(x_i): 664501   -664502   0.808425
f(x_i): 997722   -997723   0.289448
f(x_i): 1.74055e+06   1.74055e+06   0.999768
f(x_i): 766266   -766267   0.838612
f(x_i): 1.37784e+06   -1.37784e+06   0.0784057
f(x_i): 917935   -917936   0.294896
f(x_i): 759135   759134   0.999545
f(x_i): 1.27462e+06   1.27462e+06   0.999401
f(x_i): 1.69521e+06   -1.69521e+06   0.669379
f(x_i): 1.4013e+06   -1.4013e+06   0.997818
f(x_i): 1.74603e+06   1.74603e+06   0.99991
f(x_i): 751086   751085   0.998801
f(x_i): 2.20217e+06   2.20217e+06   0.998506
f(x_i): 819123   819122   0.998906
f(x_i): 2.55951e+06   2.55951e+06   0.997621
f(x_i): 627019   -627020   0.114561
f(x_i): 965760   -965761   0.209777
f(x_i): 1.73921e+06   -1.73921e+06   0.593394
f(x_i): 1.00743e+06   -1.00743e+06   0.383733
f(x_i): 1.22903e+06   -1.22903e+06   0.830915
f(x_i): 859822   -859823   0.316759
f(x_i): 2.81288e+06   -2.81288e+06   1
f(x_i): 871480   -871481   0.74986
f(x_i): 759232   -759233   0.263715
f(x_i): 1.13504e+06   -1.13504e+06   0.113549
f(x_i): 748757   748756   0.988347
f(x_i): 2.82885e+06   -2.82886e+06   0.832701
f(x_i): 666871   -666872   0.00443709
f(x_i): 468475   -468476   0.858472
f(x_i): 1.50083e+06   -1.50083e+06   1
f(x_i): 1.00933e+06   -1.00933e+06   0.14544
f(x_i): 621971   -621972   0.892228
f(x_i): 2.2295e+06   -2.2295e+06   0.741402
f(x_i): 765317   -765318   1
f(x_i): 2.0473e+06   2.04729e+06   0.999537
f(x_i): 4.12783e+06   -4.12783e+06   0.954142
f(x_i): 1.24508e+06   1.24508e+06   0.999493
f(x_i): 1.05118e+06   1.05118e+06   0.999216
f(x_i): 1.26473e+06   -1.26473e+06   0.462076
f(x_i): 1.59307e+06   -1.59308e+06   1
f(x_i): 953146   -953147   0.589512
f(x_i): 1.84329e+06   1.84329e+06   0.996649
f(x_i): 1.02016e+06   -1.02016e+06   0.917163
f(x_i): 1.41447e+06   -1.41447e+06   0.58369
f(x_i): 2.62114e+06   -2.62114e+06   0.318077
f(x_i): 683632   -683633   0.922005
f(x_i): 878284   878283   1
f(x_i): 1.7289e+06   1.7289e+06   0.998376
f(x_i): 974688   -974689   0.00689879
f(x_i): 807060   -807061   0.0635103
f(x_i): 744020   -744021   0.810988
f(x_i): 1.25909e+06   -1.25909e+06   0.222746
f(x_i): 709401   709400   0.999761
f(x_i): 1.7347e+06   1.7347e+06   0.998439
f(x_i): 586737   -586738   0.0127438
f(x_i): 890470   -890471   0.140429
f(x_i): 900314   -900315   0.216942
f(x_i): 2.01731e+06   2.01731e+06   0.999698
f(x_i): 613991   -613992   0.00736405
f(x_i): 1.75984e+06   1.75984e+06   0.999858
f(x_i): 978215   -978216   0.663084
f(x_i): 885315   885314   1
f(x_i): 607113   -607114   0.44883
f(x_i): 1.38911e+06   -1.38911e+06   0.425417
f(x_i): 236732   -236733   0.349111
f(x_i): 514882   -514883   0.996904
f(x_i): 938235   -938236   0.104427
f(x_i): 1.27555e+06   1.27555e+06   0.997206
f(x_i): 4.38104e+06   4.38104e+06   0.999572
f(x_i): 1.25702e+06   1.25702e+06   0.999716
f(x_i): 1.4889e+06   1.4889e+06   0.997879
f(x_i): 1.95695e+06   1.95695e+06   0.998771
f(x_i): 729472   -729473   0.60739
f(x_i): 1.46016e+06   -1.46016e+06   0.750023
f(x_i): 1.04183e+06   1.04183e+06   1
f(x_i): 904662   904661   0.99944
f(x_i): 608890   -608891   0.00362602
f(x_i): 2.40649e+06   2.40649e+06   0.999286
f(x_i): 693583   -693584   0.306911
f(x_i): 1.02149e+06   1.02149e+06   0.999495
f(x_i): 1.39185e+06   1.39185e+06   0.999626
f(x_i): 3.01232e+06   3.01232e+06   0.999553
f(x_i): 763889   -763890   0.144846
f(x_i): 922780   -922781   1
f(x_i): 739795   -739796   0.220968
f(x_i): 954142   -954143   0.0806567
f(x_i): 1.97009e+06   -1.97009e+06   0.292117
f(x_i): 755558   -755559   0.773128
f(x_i): 3.09996e+06   3.09996e+06   0.999931
f(x_i): 1.09799e+06   1.09799e+06   0.999593
f(x_i): 1.2214e+06   -1.22141e+06   0.885812
f(x_i): 1.22404e+06   1.22404e+06   0.996688
f(x_i): 571093   -571094   0.133253
f(x_i): 1.00231e+06   -1.00231e+06   1
f(x_i): 1.21658e+06   -1.21658e+06   0.308098
f(x_i): 1.77035e+06   1.77035e+06   0.999521
f(x_i): 1.90785e+06   1.90785e+06   0.993092
f(x_i): 2.76392e+06   2.76392e+06   0.999443
f(x_i): 1.5817e+06   1.5817e+06   0.999724
f(x_i): 1.61755e+06   -1.61755e+06   1
f(x_i): 609920   609919   0.999978
f(x_i): 775591   775590   0.96637
f(x_i): 4.20216e+06   4.20216e+06   0.999955
f(x_i): 1.07684e+06   1.07684e+06   0.999386
f(x_i): 775940   -775941   0.647964
f(x_i): 2.19499e+06   -2.19499e+06   0.770672
f(x_i): 1.03688e+06   -1.03688e+06   0.390271
f(x_i): 824097   -824098   0.999961
f(x_i): 693745   -693746   0.335872
f(x_i): 1.0664e+06   1.06639e+06   0.999285
f(x_i): 6.04416e+06   -6.04416e+06   1
f(x_i): 1.15236e+06   -1.15236e+06   0.159403
f(x_i): 946652   946651   0.99974
f(x_i): 3.3094e+06   3.30939e+06   0.989813
f(x_i): 798413   -798414   0.569055
f(x_i): 819310   -819311   0.949438
f(x_i): 823365   -823366   0.435422
f(x_i): 1.11762e+06   1.11761e+06   0.990434
f(x_i): 2.43881e+06   2.43881e+06   0.999925
f(x_i): 1.181e+06   1.181e+06   0.996224
f(x_i): 1.08521e+06   1.08521e+06   0.99967
f(x_i): 694023   -694024   0.258649
f(x_i): 629836   -629837   0.746599
f(x_i): 1.20474e+06   -1.20474e+06   0.318514
f(x_i): 897092   897091   0.999772
f(x_i): 1.92737e+06   1.92737e+06   0.99806
f(x_i): 2.22484e+06   -2.22484e+06   0.232355
f(x_i): 1.21892e+06   1.21891e+06   0.997068
f(x_i): 830205   -830206   0.203879
f(x_i): 5.45617e+06   -5.45617e+06   0.692587
f(x_i): 3.4253e+06   -3.4253e+06   0.493417
f(x_i): 757192   -757193   0.310494
f(x_i): 730189   -730190   1
f(x_i): 856300   -856301   0.991969
f(x_i): 974718   -974719   0.492177
f(x_i): 616697   -616698   0.99938
f(x_i): 2.30259e+06   2.30258e+06   0.99091
f(x_i): 770622   770621   1
f(x_i): 764488   -764489   0.26665
f(x_i): 770946   -770947   0.887572
f(x_i): 3.6229e+06   -3.6229e+06   0.0427049
f(x_i): 2.01512e+06   2.01512e+06   0.999536
f(x_i): 2.06794e+06   -2.06794e+06   0.0360255
f(x_i): 899544   899543   0.963956
f(x_i): 667094   -667095   0.161538
f(x_i): 983591   -983592   0.326114
f(x_i): 826347   826346   0.998819
f(x_i): 1.11837e+06   -1.11837e+06   0.38435
f(x_i): 885371   885370   0.992707
f(x_i): 873618   -873619   0.261879
f(x_i): 674130   -674131   0.965448
f(x_i): 927275   927274   0.965569
f(x_i): 742702   742701   0.999445
f(x_i): 1.08795e+06   -1.08795e+06   1
f(x_i): 821629   -821630   0.550494
f(x_i): 821040   -821041   0.510798
f(x_i): 752111   -752112   0.0372411
f(x_i): 1.0805e+06   -1.0805e+06   0.513284
f(x_i): 725164   725163   0.999458
f(x_i): 1.44831e+06   -1.44831e+06   0.150755
f(x_i): 793858   -793859   0.183911
f(x_i): 2.49725e+06   -2.49725e+06   0.586031
f(x_i): 963218   963217   0.999683
f(x_i): 1.67124e+06   -1.67124e+06   0.440345
f(x_i): 1.8969e+06   -1.8969e+06   1
f(x_i): 1.0729e+06   1.0729e+06   0.942555
f(x_i): 756260   756259   0.999522
f(x_i): 1.79556e+06   -1.79556e+06   1
f(x_i): 4.53613e+06   -4.53613e+06   1
f(x_i): 2.24403e+06   2.24402e+06   0.99942
f(x_i): 963713   -963714   0.1677
f(x_i): 1.24422e+06   -1.24422e+06   0.578031
f(x_i): 827503   -827504   0.986675
f(x_i): 1.21205e+06   1.21205e+06   0.99977
f(x_i): 2.05069e+06   2.05069e+06   0.998019
f(x_i): 2.10952e+06   2.10952e+06   0.99934
f(x_i): 1.06793e+06   -1.06793e+06   0.937261
f(x_i): 1.77178e+06   -1.77178e+06   0.925729
f(x_i): 3.27422e+06   3.27422e+06   0.999003
f(x_i): 2.22613e+06   -2.22613e+06   0.999999
f(x_i): 1.9043e+06   1.9043e+06   0.999175
f(x_i): 781931   -781932   0.970109
f(x_i): 1.05863e+06   1.05862e+06   0.996545
f(x_i): 1.81688e+06   1.81688e+06   0.999359
f(x_i): 853766   -853767   0.545872
f(x_i): 807152   807151   0.999246
f(x_i): 981692   -981693   0.366873
f(x_i): 1.50424e+06   -1.50424e+06   0.258884
f(x_i): 1.91721e+06   1.91721e+06   0.999764
f(x_i): 1.8403e+06   -1.84031e+06   0.696123
f(x_i): 2.00441e+06   2.00441e+06   0.997592
f(x_i): 2.15358e+06   2.15358e+06   0.999515
f(x_i): 588364   -588365   1
f(x_i): 1.68524e+06   -1.68524e+06   0.415854
f(x_i): 1.62755e+06   1.62755e+06   0.999307
f(x_i): 1.29704e+06   -1.29704e+06   0.652639
f(x_i): 779038   779037   0.996407
f(x_i): 1.36682e+06   -1.36682e+06   0.230413
f(x_i): 1.08553e+06   -1.08553e+06   0.679482
f(x_i): 1.17246e+06   1.17246e+06   0.998787
f(x_i): 1.69315e+06   -1.69315e+06   0.484846
f(x_i): 1.27114e+06   1.27114e+06   0.996718
f(x_i): 2.33453e+06   -2.33453e+06   0.894918
f(x_i): 768670   768669   1
f(x_i): 839927   839926   0.999749
f(x_i): 1.21641e+06   1.21641e+06   0.999034
f(x_i): 769768   -769769   0.486977
f(x_i): 2.09622e+06   -2.09622e+06   1
f(x_i): 1.83108e+06   1.83108e+06   0.998031
f(x_i): 1.16912e+06   -1.16912e+06   0.37599
f(x_i): 1.49613e+06   1.49613e+06   0.997851
f(x_i): 1.17445e+06   -1.17445e+06   0.123115
f(x_i): 813419   -813420   0.236909
f(x_i): 940764   -940765   0.971638
f(x_i): 1.15988e+06   1.15988e+06   0.998291
f(x_i): 735313   -735314   0.129102
f(x_i): 1.01526e+06   -1.01526e+06   0.357872
f(x_i): 2.73802e+06   -2.73802e+06   0.25777
f(x_i): 778654   -778655   0.395452
f(x_i): 793180   793179   0.932694
f(x_i): 2.11601e+06   2.11601e+06   0.998783
f(x_i): 1.1768e+06   1.1768e+06   0.993091
f(x_i): 1.52674e+06   -1.52674e+06   0.445763
f(x_i): 1.13507e+06   -1.13507e+06   1
f(x_i): 100697   -100698   0.548263
f(x_i): 830184   -830185   0.0853414
f(x_i): 694140   -694141   0.73762
f(x_i): 1.58527e+06   -1.58527e+06   0.43029
f(x_i): 1.43683e+06   -1.43683e+06   0.02483
f(x_i): 739796   -739797   0.268987
f(x_i): 1.14523e+06   -1.14523e+06   1
f(x_i): 130843   130842   0.999309
f(x_i): 653339   -653340   0.723045
f(x_i): 911142   -911143   1
f(x_i): 493671   -493672   0.564348
f(x_i): 893189   -893190   0.65625
f(x_i): 632278   -632279   0.302203
f(x_i): 1.10019e+06   1.10019e+06   0.942704
f(x_i): 1.91398e+06   1.91398e+06   0.999215
f(x_i): 875570   875569   0.998363
f(x_i): 1.00823e+06   -1.00823e+06   0.547993
f(x_i): 2.87153e+06   2.87153e+06   0.99967
f(x_i): 3.30552e+06   3.30552e+06   0.999208
f(x_i): 1.06535e+06   -1.06535e+06   0.675124
f(x_i): 783316   -783317   0.287083
f(x_i): 1.01042e+06   1.01041e+06   1
f(x_i): 2.85607e+06   -2.85607e+06   0.732855
f(x_i): 1.22246e+06   -1.22246e+06   0.104351
f(x_i): 825320   825319   1
f(x_i): 676569   -676570   0.0928616
f(x_i): 996271   -996272   0.265
f(x_i): 1.8197e+06   1.8197e+06   0.999686
f(x_i): 4.12217e+06   4.12217e+06   0.999396
f(x_i): 1.32676e+06   -1.32676e+06   0.797704
f(x_i): 1.01595e+06   -1.01595e+06   0.498719
f(x_i): 1.33034e+06   -1.33034e+06   0.215094
f(x_i): 1.84431e+06   -1.84431e+06   0.334499
f(x_i): 3.06854e+06   3.06854e+06   0.982276
f(x_i): 1.20683e+06   -1.20683e+06   0.0495559
f(x_i): 1.10019e+06   -1.10019e+06   0.874962
f(x_i): 1.04123e+06   1.04123e+06   0.999051
f(x_i): 1.1526e+06   -1.1526e+06   1
f(x_i): 1.25982e+06   -1.25982e+06   1
f(x_i): 704251   -704252   0.156279
f(x_i): 1.88654e+06   -1.88655e+06   0.111
f(x_i): 997277   -997278   0.185051
f(x_i): 1.536e+06   -1.536e+06   0.721891
f(x_i): 1.10238e+06   -1.10238e+06   0.000370781
f(x_i): 804193   804192   0.999518
f(x_i): 775473   775472   0.999986
f(x_i): 2.81813e+06   2.81813e+06   0.999745
f(x_i): 1.21281e+06   -1.21281e+06   0.102251
f(x_i): 1.96509e+06   -1.96509e+06   0.0127056
f(x_i): 1.09306e+06   1.09306e+06   0.99123
f(x_i): 3.50902e+06   -3.50902e+06   0.884796
f(x_i): 1.34199e+06   -1.34199e+06   0.914111
f(x_i): 1.03654e+06   1.03654e+06   0.999854
f(x_i): 2.6022e+06   -2.6022e+06   0.259379
f(x_i): 1.41201e+06   -1.41201e+06   1
f(x_i): 882173   882172   1
f(x_i): 562973   -562974   0.521557
f(x_i): 1.25206e+06   1.25206e+06   0.99751
f(x_i): 656529   656528   0.999823
f(x_i): 923050   -923051   0.410853
f(x_i): 1.49787e+06   1.49787e+06   0.999323
f(x_i): 546291   -546292   0.114887
f(x_i): 1.10199e+06   1.10199e+06   0.999829
f(x_i): 1.89225e+06   -1.89225e+06   0.391376
f(x_i): 791097   791096   0.930438
f(x_i): 672727   -672728   0.999271
f(x_i): 1.26905e+06   1.26905e+06   0.998666
f(x_i): 4.8472e+06   4.8472e+06   0.998709
f(x_i): 728246   -728247   0.05875
f(x_i): 1.89528e+06   -1.89528e+06   0.111019
f(x_i): 2.94206e+06   -2.94206e+06   0.17841
f(x_i): 1.32781e+06   -1.32781e+06   1
f(x_i): 1.98576e+06   1.98576e+06   0.997761
f(x_i): 4.16677e+06   4.16677e+06   0.998257
f(x_i): 664370   -664371   0.203417
f(x_i): 983299   983298   0.999588
f(x_i): 566583   -566584   0.586857
f(x_i): 1.59818e+06   1.59818e+06   0.996235
f(x_i): 1.92256e+06   -1.92256e+06   0.619718
f(x_i): 1.12879e+06   -1.1288e+06   0.743528
f(x_i): 1.21656e+06   -1.21656e+06   0.0103057
f(x_i): 773357   -773358   0.534835
f(x_i): 2.37065e+06   2.37065e+06   0.998164
f(x_i): 2.98516e+06   2.98516e+06   0.999658
f(x_i): 585102   -585103   1
f(x_i): 2.3413e+06   2.3413e+06   0.99972
f(x_i): 1.857e+06   -1.857e+06   0.146022
f(x_i): 1.84127e+06   1.84127e+06   0.999543
f(x_i): 637160   -637161   0.329351
f(x_i): 1.18135e+06   -1.18135e+06   1
f(x_i): 947194   -947195   1
f(x_i): 911976   -911977   0.150497
f(x_i): 628666   -628667   0.4454
f(x_i): 914068   914067   0.909203
f(x_i): 966908   -966909   0.720102
f(x_i): 963995   -963996   0.788001
f(x_i): 651321   -651322   0.54948
f(x_i): 742303   -742304   0.409616
f(x_i): 1.25343e+06   1.25342e+06   0.992452
f(x_i): 906825   -906826   0.278959
f(x_i): 1.56122e+06   -1.56122e+06   0.868664
f(x_i): 737757   737756   0.92377
f(x_i): 788783   788782   0.999467
f(x_i): 1.3086e+06   1.3086e+06   0.999884
f(x_i): 1.13105e+06   -1.13105e+06   1
f(x_i): 1.27081e+06   -1.27081e+06   0.911585
f(x_i): 1.12803e+06   1.12803e+06   0.99788
f(x_i): 1.21182e+06   -1.21182e+06   1
f(x_i): 1.17175e+06   -1.17175e+06   0.734194
f(x_i): 877533   877532   0.995615
f(x_i): 1.99309e+06   -1.99309e+06   0.0343351
f(x_i): 806284   -806285   0.258672
f(x_i): 1.36561e+06   -1.36561e+06   1
f(x_i): 1.15813e+06   1.15813e+06   0.999849
f(x_i): 917306   -917307   1
f(x_i): 1.06306e+06   -1.06306e+06   0.493782
f(x_i): 2.54678e+06   2.54678e+06   0.99881
f(x_i): 1.34088e+06   -1.34088e+06   0.31217
f(x_i): 1.18473e+06   -1.18473e+06   0.374928
f(x_i): 495962   -495963   0.793865
f(x_i): 880652   -880653   1
f(x_i): 637040   -637041   1
f(x_i): 784210   -784211   0.556805
f(x_i): 1.48022e+06   -1.48022e+06   0.917489
f(x_i): 746994   -746995   0.208766
f(x_i): 1.3228e+06   -1.3228e+06   0.026992
f(x_i): 788456   788455   1
f(x_i): 1.93851e+06   -1.93851e+06   0.855901
f(x_i): 979530   -979531   1
f(x_i): 917062   -917063   0.759779
f(x_i): 809344   -809345   0.065763
f(x_i): 928674   -928675   0.541966
f(x_i): 758371   -758372   0.598441
f(x_i): 950501   -950502   0.376823
f(x_i): 1.96387e+06   1.96387e+06   0.998413
f(x_i): 1.47736e+06   -1.47736e+06   0.591304
f(x_i): 1.34582e+06   -1.34582e+06   0.423248
f(x_i): 929941   -929942   1
f(x_i): 3.15186e+06   3.15185e+06   0.999848
f(x_i): 849749   -849750   0.18677
f(x_i): 911331   -911332   1
f(x_i): 1.40881e+06   -1.40881e+06   0.900254
f(x_i): 941931   941930   0.911157
f(x_i): 2.51639e+06   2.51639e+06   0.997921
f(x_i): 4.00295e+06   -4.00295e+06   0.00150755
f(x_i): 2.87795e+06   -2.87795e+06   0.188205
f(x_i): 681461   -681462   0.208896
f(x_i): 1.28402e+06   -1.28402e+06   0.00354432
f(x_i): 1.01834e+06   -1.01834e+06   0.65474
f(x_i): 658128   -658129   1
f(x_i): 703597   -703598   0.524396
f(x_i): 1.6374e+06   1.6374e+06   0.998971
f(x_i): 499725   -499726   0.918069
f(x_i): 1.11443e+06   -1.11443e+06   0.674125
f(x_i): 739802   -739803   0.957939
f(x_i): 1.06035e+06   -1.06035e+06   0.075856
f(x_i): 2.21507e+06   2.21507e+06   0.999936
f(x_i): 2.26631e+06   -2.26632e+06   0.940571
f(x_i): 1.24097e+06   -1.24097e+06   0.191787
f(x_i): 612023   -612024   0.0344358
f(x_i): 133478   133477   0.99926
f(x_i): 1.1812e+06   -1.1812e+06   0.620909
f(x_i): 702033   -702034   0.701019
f(x_i): 555310   -555311   0.147331
f(x_i): 1.76654e+06   1.76654e+06   0.993411
f(x_i): 1.94537e+06   -1.94537e+06   0.876238
f(x_i): 1.07013e+06   -1.07013e+06   0.15429
f(x_i): 839603   -839604   0.21194
f(x_i): 625939   625938   0.999599
f(x_i): 2.24488e+06   -2.24488e+06   0.475337
f(x_i): 656786   -656787   1
f(x_i): 616586   -616587   1
f(x_i): 1.22095e+06   -1.22095e+06   0.701069
f(x_i): 1.7384e+06   1.73839e+06   0.996136
f(x_i): 2.05725e+06   2.05724e+06   0.995803
f(x_i): 871308   -871309   0.90221
f(x_i): 556962   -556963   0.00324092
f(x_i): 2.9738e+06   -2.9738e+06   0.310863
f(x_i): 921470   -921471   0.465551
f(x_i): 1.67732e+06   -1.67732e+06   0.57986
f(x_i): 706863   -706864   0.999908
f(x_i): 885671   885670   0.993258
f(x_i): 824067   -824068   0.152274
f(x_i): 594361   -594362   0.0849611
f(x_i): 1.17527e+06   -1.17527e+06   0.363661
f(x_i): 1.44933e+06   -1.44933e+06   0.340531
f(x_i): 1.99252e+06   -1.99252e+06   0.735703
f(x_i): 742601   -742602   0.307568
f(x_i): 1.48903e+06   -1.48903e+06   0.301473
f(x_i): 737536   -737537   0.555431
f(x_i): 1.05197e+06   -1.05197e+06   0.422506
f(x_i): 607860   -607861   1
f(x_i): 912452   -912453   0.408108
f(x_i): 845218   845217   0.998428
f(x_i): 737711   -737712   0.641752
f(x_i): 456216   -456217   0.0695662
f(x_i): 2.20757e+06   -2.20757e+06   0.97531
f(x_i): 1.88906e+06   1.88906e+06   0.999828
f(x_i): 2.10624e+06   2.10624e+06   0.999036
f(x_i): 2.07794e+06   2.07793e+06   0.999101
f(x_i): 682578   682577   0.999978
f(x_i): 971581   -971582   1
f(x_i): 1.11707e+06   -1.11707e+06   0.0504286
f(x_i): 2.67216e+06   2.67216e+06   0.999662
f(x_i): 2.5802e+06   2.58019e+06   0.999583
f(x_i): 1.94106e+06   -1.94106e+06   0.00277945
f(x_i): 1.54271e+06   -1.54271e+06   0.434462
f(x_i): 1.24931e+06   -1.24931e+06   0.236701
f(x_i): 780452   -780453   0.504137
f(x_i): 1.27817e+06   -1.27817e+06   0.824036
f(x_i): 812144   -812145   1
f(x_i): 895477   -895478   0.999886
f(x_i): 1.33875e+06   -1.33875e+06   0.206949
f(x_i): 2.22196e+06   -2.22196e+06   0.130304
f(x_i): 694913   -694914   0.568474
f(x_i): 776017   -776018   0.193122
f(x_i): 754818   -754819   0.504532
f(x_i): 605392   -605393   0.305046
f(x_i): 866513   866512   0.999607
f(x_i): 3.04133e+06   3.04133e+06   0.999657
f(x_i): 1.11698e+06   -1.11698e+06   0.420606
f(x_i): 1.02966e+06   -1.02966e+06   0.515869
f(x_i): 633383   -633384   0.720162
f(x_i): 1.20557e+06   -1.20557e+06   0.45037
f(x_i): 808379   -808380   0.0903333
f(x_i): 1.47618e+06   -1.47618e+06   0.231417
f(x_i): 1.83516e+06   -1.83516e+06   0.68568
f(x_i): 1.88446e+06   1.88446e+06   0.999071
f(x_i): 566697   -566698   1
f(x_i): 854263   -854264   0.958669
f(x_i): 1.03316e+06   -1.03316e+06   0.0463532
f(x_i): 1.44082e+06   -1.44082e+06   0.533371
