0.485737
0.975451
0.977838
0.960107
0.985528
0.964879
0.762845
0.638538
0.79759
0.832831
0.899707
0.902687
0.848401
0.706939
0.979884
0.915593
0.370761
0.915917
0.930918
0.69861
0.282745
0.98098
0.416867
0.627211
0.82581
0.988799
0.858947
0.66451
0.966291
0.939335
0.716785
0.668174
0.45642
0.773723
0.739014
0.992704
0.161749
0.921434
0.621365
0.993047
0.953791
0.980785
0.52087
0.918935
0.0739861
0.282432
0.948215
0.573007
0.944074
0.200977
0.986716
0.941871
0.399093
0.917488
0.949352
0.970382
0.97267
0.913396
0.65607
0.817748
0.0673755
0.569201
0.528464
0.97376
0.859621
0.958624
0.979582
0.992187
0.99
0.967514
0.763238
0.430595
0.943947
0.990543
0.639429
0.909265
0.70972
0.857336
0.928815
0.997024
0.859013
0.92813
0.197612
0.153569
0.980246
0.861829
0.77204
0.867146
0.464146
0.224907
0.79455
0.938233
0.747082
0.692936
0.883764
0.980724
0.999629
0.937912
0.822627
0.761449
0.98322
0.914619
